<?xml version="1.0" encoding="UTF-8"?>
<!-- Generated by org.testng.reporters.JUnitReportReporter -->
<testsuite skipped="0" hostname="Yemis-Air" name="com.memoryWalk.MemoryWalk.TestRunner" tests="1" failures="0" timestamp="13 Apr 2019 00:27:25 GMT" time="0.037" errors="0">
  <testcase name="feature" time="0.037" classname="com.memoryWalk.MemoryWalk.TestRunner"/>
</testsuite> <!-- com.memoryWalk.MemoryWalk.TestRunner -->
